<?xml version="1.0" encoding="UTF-8"?>
<!-- Generated by org.testng.reporters.JUnitXMLReporter -->
<testsuite ignored="0" hostname="DESKTOP-VVGA27I" failures="0" tests="5" name="Default test" time="0.032" errors="0" timestamp="2024-08-22T12:01:56 IST">
  <testcase classname="com.com.verizon.SumTest" name="getSumTest5" time="0.005"/>
  <testcase classname="com.com.verizon.SumTest" name="getSumTest4" time="0.001"/>
  <testcase classname="com.com.verizon.SumTest" name="getSumTest3" time="0.001"/>
  <testcase classname="com.com.verizon.SumTest" name="getSumTest2" time="0.0"/>
  <testcase classname="com.com.verizon.SumTest" name="getSumTest1" time="0.001"/>
</testsuite> <!-- Default test -->
