<?xml version="1.0" encoding="UTF-8"?>
<testng-results ignored="0" total="5" passed="5" failed="0" skipped="0">
  <reporter-output>
  </reporter-output>
  <suite started-at="2024-08-22T12:01:56 IST" name="Default suite" finished-at="2024-08-22T12:01:56 IST" duration-ms="32">
    <groups>
    </groups>
    <test started-at="2024-08-22T12:01:56 IST" name="Default test" finished-at="2024-08-22T12:01:56 IST" duration-ms="32">
      <class name="com.com.verizon.SumTest">
        <test-method signature="getSumTest5()[pri:1, instance:com.com.verizon.SumTest@6392827e]" started-at="2024-08-22T12:01:56 IST" name="getSumTest5" finished-at="2024-08-22T12:01:56 IST" duration-ms="5" status="PASS">
          <reporter-output>
          </reporter-output>
        </test-method> <!-- getSumTest5 -->
        <test-method signature="getSumTest4()[pri:2, instance:com.com.verizon.SumTest@6392827e]" started-at="2024-08-22T12:01:56 IST" name="getSumTest4" finished-at="2024-08-22T12:01:56 IST" duration-ms="1" status="PASS">
          <reporter-output>
          </reporter-output>
        </test-method> <!-- getSumTest4 -->
        <test-method signature="getSumTest3()[pri:3, instance:com.com.verizon.SumTest@6392827e]" started-at="2024-08-22T12:01:56 IST" name="getSumTest3" finished-at="2024-08-22T12:01:56 IST" duration-ms="1" status="PASS">
          <reporter-output>
          </reporter-output>
        </test-method> <!-- getSumTest3 -->
        <test-method signature="getSumTest2()[pri:4, instance:com.com.verizon.SumTest@6392827e]" started-at="2024-08-22T12:01:56 IST" name="getSumTest2" finished-at="2024-08-22T12:01:56 IST" duration-ms="0" status="PASS">
          <reporter-output>
          </reporter-output>
        </test-method> <!-- getSumTest2 -->
        <test-method signature="getSumTest1()[pri:5, instance:com.com.verizon.SumTest@6392827e]" started-at="2024-08-22T12:01:56 IST" name="getSumTest1" finished-at="2024-08-22T12:01:56 IST" duration-ms="1" status="PASS">
          <reporter-output>
          </reporter-output>
        </test-method> <!-- getSumTest1 -->
      </class> <!-- com.com.verizon.SumTest -->
    </test> <!-- Default test -->
  </suite> <!-- Default suite -->
</testng-results>
